<?xml version="1.0" encoding="UTF-8"?>
<!-- Generated by org.testng.reporters.JUnitXMLReporter -->
<testsuite ignored="0" hostname="DESKTOP-IEAL13F" failures="0" tests="4" name="Test" time="36.895" errors="0" timestamp="21 Jan 2024 08:04:29 GMT">
  <testcase classname="function.Function_1" name="test1" time="0.818"/>
  <testcase classname="function.Function_1" name="test2" time="0.788"/>
  <testcase classname="function.Function_1" name="test3" time="2.245"/>
  <testcase classname="function.Function_2" name="test1" time="1.212"/>
</testsuite> <!-- Test -->
