<?xml version="1.0" encoding="UTF-8"?>
<testng-results ignored="0" total="1" passed="1" failed="0" skipped="0">
  <reporter-output>
    <line>
      <![CDATA[Executing test1....]]>
    </line>
  </reporter-output>
  <suite started-at="2024-01-10T10:12:22Z" name="Default suite" finished-at="2024-01-10T10:12:22Z" duration-ms="59">
    <groups>
    </groups>
    <test started-at="2024-01-10T10:12:22Z" name="Default test" finished-at="2024-01-10T10:12:22Z" duration-ms="59">
      <class name="function1.Child_1">
        <test-method signature="test1()[pri:0, instance:function1.Child_1@1b75c2e3]" started-at="2024-01-10T10:12:22Z" name="test1" finished-at="2024-01-10T10:12:22Z" duration-ms="19" status="PASS">
          <reporter-output>
            <line>
              <![CDATA[Executing test1....]]>
            </line>
          </reporter-output>
        </test-method> <!-- test1 -->
      </class> <!-- function1.Child_1 -->
    </test> <!-- Default test -->
  </suite> <!-- Default suite -->
</testng-results>
