<?xml version="1.0" encoding="UTF-8"?>
<testng-results ignored="0" total="3" passed="3" failed="0" skipped="0">
  <reporter-output>
    <line>
      <![CDATA[Executing test2....]]>
    </line>
    <line>
      <![CDATA[Open Source Point of Sale | OSPOS | Login]]>
    </line>
    <line>
      <![CDATA[Home page not displayed]]>
    </line>
    <line>
      <![CDATA[Executing test2....]]>
    </line>
    <line>
      <![CDATA[Open Source Point of Sale | OSPOS | Login]]>
    </line>
    <line>
      <![CDATA[Home page not displayed]]>
    </line>
    <line>
      <![CDATA[Executing test1....]]>
    </line>
    <line>
      <![CDATA[Open Source Point of Sale | Powered by OSPOS 3.3.7]]>
    </line>
    <line>
      <![CDATA[Home page displayed]]>
    </line>
  </reporter-output>
  <suite started-at="2024-01-20T05:13:06Z" name="Suite" finished-at="2024-01-20T05:13:29Z" duration-ms="22508">
    <groups>
    </groups>
    <test started-at="2024-01-20T05:13:06Z" name="Test" finished-at="2024-01-20T05:13:29Z" duration-ms="22508">
      <class name="function1.Child_1">
        <test-method is-config="true" signature="bm()[pri:0, instance:function1.Child_1@7f010382]" started-at="2024-01-20T05:13:06Z" name="bm" finished-at="2024-01-20T05:13:13Z" duration-ms="6755" status="PASS">
          <reporter-output>
          </reporter-output>
        </test-method> <!-- bm -->
        <test-method signature="test1()[pri:0, instance:function1.Child_1@7f010382]" started-at="2024-01-20T05:13:13Z" name="test1" finished-at="2024-01-20T05:13:14Z" duration-ms="827" status="PASS">
          <reporter-output>
            <line>
              <![CDATA[Executing test2....]]>
            </line>
          </reporter-output>
        </test-method> <!-- test1 -->
        <test-method is-config="true" signature="am()[pri:0, instance:function1.Child_1@7f010382]" started-at="2024-01-20T05:13:14Z" name="am" finished-at="2024-01-20T05:13:14Z" duration-ms="317" status="PASS">
          <reporter-output>
            <line>
              <![CDATA[Open Source Point of Sale | OSPOS | Login]]>
            </line>
            <line>
              <![CDATA[Home page not displayed]]>
            </line>
          </reporter-output>
        </test-method> <!-- am -->
        <test-method is-config="true" signature="bm()[pri:0, instance:function1.Child_1@7f010382]" started-at="2024-01-20T05:13:14Z" name="bm" finished-at="2024-01-20T05:13:19Z" duration-ms="4849" status="PASS">
          <reporter-output>
          </reporter-output>
        </test-method> <!-- bm -->
        <test-method signature="test2()[pri:0, instance:function1.Child_1@7f010382]" started-at="2024-01-20T05:13:19Z" name="test2" finished-at="2024-01-20T05:13:20Z" duration-ms="952" status="PASS">
          <reporter-output>
            <line>
              <![CDATA[Executing test2....]]>
            </line>
          </reporter-output>
        </test-method> <!-- test2 -->
        <test-method is-config="true" signature="am()[pri:0, instance:function1.Child_1@7f010382]" started-at="2024-01-20T05:13:20Z" name="am" finished-at="2024-01-20T05:13:21Z" duration-ms="345" status="PASS">
          <reporter-output>
            <line>
              <![CDATA[Open Source Point of Sale | OSPOS | Login]]>
            </line>
            <line>
              <![CDATA[Home page not displayed]]>
            </line>
          </reporter-output>
        </test-method> <!-- am -->
        <test-method is-config="true" signature="bm()[pri:0, instance:function1.Child_1@7f010382]" started-at="2024-01-20T05:13:21Z" name="bm" finished-at="2024-01-20T05:13:26Z" duration-ms="5126" status="PASS">
          <reporter-output>
          </reporter-output>
        </test-method> <!-- bm -->
        <test-method signature="test3()[pri:0, instance:function1.Child_1@7f010382]" started-at="2024-01-20T05:13:26Z" name="test3" finished-at="2024-01-20T05:13:29Z" duration-ms="2944" status="PASS">
          <reporter-output>
            <line>
              <![CDATA[Executing test1....]]>
            </line>
          </reporter-output>
        </test-method> <!-- test3 -->
        <test-method is-config="true" signature="am()[pri:0, instance:function1.Child_1@7f010382]" started-at="2024-01-20T05:13:29Z" name="am" finished-at="2024-01-20T05:13:29Z" duration-ms="329" status="PASS">
          <reporter-output>
            <line>
              <![CDATA[Open Source Point of Sale | Powered by OSPOS 3.3.7]]>
            </line>
            <line>
              <![CDATA[Home page displayed]]>
            </line>
          </reporter-output>
        </test-method> <!-- am -->
      </class> <!-- function1.Child_1 -->
    </test> <!-- Test -->
  </suite> <!-- Suite -->
</testng-results>
